<?xml version="1.0" encoding="UTF-8"?>
<robot generator="Robot 3.1.2 (Python 3.8.2 on win32)" generated="20200412 13:31:54.243" rpa="false">
<suite id="s1" name="Demo Jen" source="D:\Workspaces\demo_jen">
<suite id="s1-s1" name="Eclipse 2020" source="D:\Workspaces\demo_jen\eclipse_2020">
<suite id="s1-s1-s1" name="RobotProject" source="D:\Workspaces\demo_jen\eclipse_2020\RobotProject">
<suite id="s1-s1-s1-s1" name="Test" source="D:\Workspaces\demo_jen\eclipse_2020\RobotProject\test">
<suite id="s1-s1-s1-s1-s1" name="TestSuite1" source="D:\Workspaces\demo_jen\eclipse_2020\RobotProject\test\TestSuite1.robot">
<kw name="Log" library="BuiltIn" type="setup">
<doc>Logs the given message with the given level.</doc>
<arguments>
<arg>I'm inside testsuite setup</arg>
</arguments>
<msg timestamp="20200412 13:31:58.098" level="INFO">I'm inside testsuite setup</msg>
<status status="PASS" starttime="20200412 13:31:58.096" endtime="20200412 13:31:58.098"></status>
</kw>
<test id="s1-s1-s1-s1-s1-t1" name="SampleLoginTest">
<kw name="Open Browser" library="SeleniumLibrary">
<doc>Opens a new browser instance to the optional ``url``.</doc>
<arguments>
<arg>${URL}</arg>
<arg>chrome</arg>
</arguments>
<msg timestamp="20200412 13:31:58.102" level="INFO">Opening browser 'chrome' to base url 'https://opensource-demo.orangehrmlive.com/'.</msg>
<status status="PASS" starttime="20200412 13:31:58.101" endtime="20200412 13:32:28.010"></status>
</kw>
<kw name="Maximize Browser Window" library="SeleniumLibrary">
<doc>Maximizes current browser window.</doc>
<status status="PASS" starttime="20200412 13:32:28.012" endtime="20200412 13:32:33.010"></status>
</kw>
<kw name="Set Browser Implicit Wait" library="SeleniumLibrary">
<doc>Sets the implicit wait value used by Selenium.</doc>
<arguments>
<arg>5</arg>
</arguments>
<status status="PASS" starttime="20200412 13:32:33.011" endtime="20200412 13:32:33.014"></status>
</kw>
<kw name="LoginKW">
<kw name="Input Text" library="SeleniumLibrary">
<doc>Types the given ``text`` into the text field identified by ``locator``.</doc>
<arguments>
<arg>id=txtUsername</arg>
<arg>@{CRED}[0]</arg>
</arguments>
<msg timestamp="20200412 13:32:33.016" level="INFO">Typing text 'Admin' into text field 'id=txtUsername'.</msg>
<status status="PASS" starttime="20200412 13:32:33.015" endtime="20200412 13:32:35.893"></status>
</kw>
<kw name="Input Password" library="SeleniumLibrary">
<doc>Types the given password into the text field identified by ``locator``.</doc>
<arguments>
<arg>id=txtPassword</arg>
<arg>&amp;{CRED1}[password]</arg>
</arguments>
<msg timestamp="20200412 13:32:35.896" level="INFO">Typing password into text field 'id=txtPassword'.</msg>
<msg timestamp="20200412 13:32:35.975" level="INFO">Temporally setting log level to: NONE</msg>
<msg timestamp="20200412 13:32:36.087" level="INFO">Log level changed from NONE to INFO.</msg>
<status status="PASS" starttime="20200412 13:32:35.893" endtime="20200412 13:32:36.088"></status>
</kw>
<kw name="Click Button" library="SeleniumLibrary">
<doc>Clicks the button identified by ``locator``.</doc>
<arguments>
<arg>id=btnLogin</arg>
</arguments>
<msg timestamp="20200412 13:32:36.089" level="INFO">Clicking button 'id=btnLogin'.</msg>
<status status="PASS" starttime="20200412 13:32:36.088" endtime="20200412 13:32:41.933"></status>
</kw>
<status status="PASS" starttime="20200412 13:32:33.014" endtime="20200412 13:32:41.935"></status>
</kw>
<kw name="Click Element" library="SeleniumLibrary">
<doc>Click the element identified by ``locator``.</doc>
<arguments>
<arg>id=welcome</arg>
</arguments>
<msg timestamp="20200412 13:32:41.938" level="INFO">Clicking element 'id=welcome'.</msg>
<status status="PASS" starttime="20200412 13:32:41.936" endtime="20200412 13:32:46.177"></status>
</kw>
<kw name="Click Element" library="SeleniumLibrary">
<doc>Click the element identified by ``locator``.</doc>
<arguments>
<arg>link=Logout</arg>
</arguments>
<msg timestamp="20200412 13:32:46.181" level="INFO">Clicking element 'link=Logout'.</msg>
<status status="PASS" starttime="20200412 13:32:46.178" endtime="20200412 13:32:47.679"></status>
</kw>
<kw name="Close Browser" library="SeleniumLibrary">
<doc>Closes the current browser.</doc>
<status status="PASS" starttime="20200412 13:32:47.680" endtime="20200412 13:32:51.171"></status>
</kw>
<kw name="Log" library="BuiltIn">
<doc>Logs the given message with the given level.</doc>
<arguments>
<arg>Test completed</arg>
</arguments>
<msg timestamp="20200412 13:32:51.176" level="INFO">Test completed</msg>
<status status="PASS" starttime="20200412 13:32:51.173" endtime="20200412 13:32:51.177"></status>
</kw>
<kw name="Log" library="BuiltIn">
<doc>Logs the given message with the given level.</doc>
<arguments>
<arg>This test was executed by %{username} on %{os}</arg>
</arguments>
<msg timestamp="20200412 13:32:51.180" level="INFO">This test was executed by mishal on Windows_NT</msg>
<status status="PASS" starttime="20200412 13:32:51.178" endtime="20200412 13:32:51.182"></status>
</kw>
<doc>This is the sample loginTest.</doc>
<status status="PASS" starttime="20200412 13:31:58.099" endtime="20200412 13:32:51.183" critical="yes"></status>
</test>
<status status="PASS" starttime="20200412 13:31:55.184" endtime="20200412 13:32:51.188"></status>
</suite>
<status status="PASS" starttime="20200412 13:31:55.178" endtime="20200412 13:32:51.197"></status>
</suite>
<status status="PASS" starttime="20200412 13:31:55.174" endtime="20200412 13:32:51.201"></status>
</suite>
<status status="PASS" starttime="20200412 13:31:55.169" endtime="20200412 13:32:51.206"></status>
</suite>
<status status="PASS" starttime="20200412 13:31:55.056" endtime="20200412 13:32:51.211"></status>
</suite>
<statistics>
<total>
<stat pass="1" fail="0">Critical Tests</stat>
<stat pass="1" fail="0">All Tests</stat>
</total>
<tag>
</tag>
<suite>
<stat pass="1" fail="0" id="s1" name="Demo Jen">Demo Jen</stat>
<stat pass="1" fail="0" id="s1-s1" name="Eclipse 2020">Demo Jen.Eclipse 2020</stat>
<stat pass="1" fail="0" id="s1-s1-s1" name="RobotProject">Demo Jen.Eclipse 2020.RobotProject</stat>
<stat pass="1" fail="0" id="s1-s1-s1-s1" name="Test">Demo Jen.Eclipse 2020.RobotProject.Test</stat>
<stat pass="1" fail="0" id="s1-s1-s1-s1-s1" name="TestSuite1">Demo Jen.Eclipse 2020.RobotProject.Test.TestSuite1</stat>
</suite>
</statistics>
<errors>
</errors>
</robot>
