<?xml version="1.0" encoding="UTF-8"?>
<robot generator="Robot 3.1.2 (Python 3.8.2 on win32)" generated="20200411 12:36:04.002" rpa="false">
<suite id="s1" name="RobotProject" source="D:\Workspaces\eclipse_2020\RobotProject">
<suite id="s1-s1" name="Test" source="D:\Workspaces\eclipse_2020\RobotProject\test">
<suite id="s1-s1-s1" name="TestSuite1" source="D:\Workspaces\eclipse_2020\RobotProject\test\TestSuite1.robot">
<kw name="Log" library="BuiltIn" type="setup">
<doc>Logs the given message with the given level.</doc>
<arguments>
<arg>I'm inside testsuite setup</arg>
</arguments>
<msg timestamp="20200411 12:36:04.511" level="INFO">I'm inside testsuite setup</msg>
<status status="PASS" starttime="20200411 12:36:04.510" endtime="20200411 12:36:04.512"></status>
</kw>
<test id="s1-s1-s1-t1" name="SampleLoginTest">
<kw name="Open Browser" library="SeleniumLibrary">
<doc>Opens a new browser instance to the optional ``url``.</doc>
<arguments>
<arg>${URL}</arg>
<arg>chrome</arg>
</arguments>
<msg timestamp="20200411 12:36:04.515" level="INFO">Opening browser 'chrome' to base url 'https://opensource-demo.orangehrmlive.com/'.</msg>
<status status="PASS" starttime="20200411 12:36:04.514" endtime="20200411 12:36:16.102"></status>
</kw>
<kw name="Maximize Browser Window" library="SeleniumLibrary">
<doc>Maximizes current browser window.</doc>
<status status="PASS" starttime="20200411 12:36:16.103" endtime="20200411 12:36:20.343"></status>
</kw>
<kw name="Set Browser Implicit Wait" library="SeleniumLibrary">
<doc>Sets the implicit wait value used by Selenium.</doc>
<arguments>
<arg>5</arg>
</arguments>
<status status="PASS" starttime="20200411 12:36:20.344" endtime="20200411 12:36:20.347"></status>
</kw>
<kw name="LoginKW">
<kw name="Input Text" library="SeleniumLibrary">
<doc>Types the given ``text`` into the text field identified by ``locator``.</doc>
<arguments>
<arg>id=txtUsername</arg>
<arg>@{CRED}[0]</arg>
</arguments>
<msg timestamp="20200411 12:36:20.349" level="INFO">Typing text 'Admin' into text field 'id=txtUsername'.</msg>
<status status="PASS" starttime="20200411 12:36:20.348" endtime="20200411 12:36:20.532"></status>
</kw>
<kw name="Input Password" library="SeleniumLibrary">
<doc>Types the given password into the text field identified by ``locator``.</doc>
<arguments>
<arg>id=txtPassword</arg>
<arg>&amp;{CRED1}[password]</arg>
</arguments>
<msg timestamp="20200411 12:36:20.534" level="INFO">Typing password into text field 'id=txtPassword'.</msg>
<msg timestamp="20200411 12:36:20.628" level="INFO">Temporally setting log level to: NONE</msg>
<msg timestamp="20200411 12:36:20.734" level="INFO">Log level changed from NONE to INFO.</msg>
<status status="PASS" starttime="20200411 12:36:20.533" endtime="20200411 12:36:20.734"></status>
</kw>
<kw name="Click Button" library="SeleniumLibrary">
<doc>Clicks the button identified by ``locator``.</doc>
<arguments>
<arg>id=btnLogin</arg>
</arguments>
<msg timestamp="20200411 12:36:20.735" level="INFO">Clicking button 'id=btnLogin'.</msg>
<status status="PASS" starttime="20200411 12:36:20.735" endtime="20200411 12:36:26.893"></status>
</kw>
<status status="PASS" starttime="20200411 12:36:20.347" endtime="20200411 12:36:26.893"></status>
</kw>
<kw name="Click Element" library="SeleniumLibrary">
<doc>Click the element identified by ``locator``.</doc>
<arguments>
<arg>id=welcome</arg>
</arguments>
<msg timestamp="20200411 12:36:26.895" level="INFO">Clicking element 'id=welcome'.</msg>
<status status="PASS" starttime="20200411 12:36:26.894" endtime="20200411 12:36:27.170"></status>
</kw>
<kw name="Click Element" library="SeleniumLibrary">
<doc>Click the element identified by ``locator``.</doc>
<arguments>
<arg>link=Logout</arg>
</arguments>
<msg timestamp="20200411 12:36:27.172" level="INFO">Clicking element 'link=Logout'.</msg>
<status status="PASS" starttime="20200411 12:36:27.172" endtime="20200411 12:36:28.620"></status>
</kw>
<kw name="Close Browser" library="SeleniumLibrary">
<doc>Closes the current browser.</doc>
<status status="PASS" starttime="20200411 12:36:28.621" endtime="20200411 12:36:33.101"></status>
</kw>
<kw name="Log" library="BuiltIn">
<doc>Logs the given message with the given level.</doc>
<arguments>
<arg>Test completed</arg>
</arguments>
<msg timestamp="20200411 12:36:33.103" level="INFO">Test completed</msg>
<status status="PASS" starttime="20200411 12:36:33.102" endtime="20200411 12:36:33.103"></status>
</kw>
<kw name="Log" library="BuiltIn">
<doc>Logs the given message with the given level.</doc>
<arguments>
<arg>This test was executed by %{username} on %{os}</arg>
</arguments>
<msg timestamp="20200411 12:36:33.104" level="INFO">This test was executed by mishal on Windows_NT</msg>
<status status="PASS" starttime="20200411 12:36:33.104" endtime="20200411 12:36:33.105"></status>
</kw>
<doc>This is the sample loginTest.</doc>
<status status="PASS" starttime="20200411 12:36:04.512" endtime="20200411 12:36:33.105" critical="yes"></status>
</test>
<status status="PASS" starttime="20200411 12:36:04.113" endtime="20200411 12:36:33.107"></status>
</suite>
<status status="PASS" starttime="20200411 12:36:04.109" endtime="20200411 12:36:33.111"></status>
</suite>
<status status="PASS" starttime="20200411 12:36:04.062" endtime="20200411 12:36:33.115"></status>
</suite>
<statistics>
<total>
<stat pass="1" fail="0">Critical Tests</stat>
<stat pass="1" fail="0">All Tests</stat>
</total>
<tag>
</tag>
<suite>
<stat pass="1" fail="0" id="s1" name="RobotProject">RobotProject</stat>
<stat pass="1" fail="0" id="s1-s1" name="Test">RobotProject.Test</stat>
<stat pass="1" fail="0" id="s1-s1-s1" name="TestSuite1">RobotProject.Test.TestSuite1</stat>
</suite>
</statistics>
<errors>
</errors>
</robot>
